Using profile workflow/profiles/default and workflow specific profile workflow/profiles/default for setting default command line arguments.
/nas/longleaf/home/adaigle/TEforest/workflow/Snakefile:148: SyntaxWarning: invalid escape sequence '\/'
  output:
/nas/longleaf/home/adaigle/TEforest/workflow/Snakefile:149: SyntaxWarning: invalid escape sequence '\/'
  featvec_csv="featvec_csvs/{sample}.csv",
/nas/longleaf/home/adaigle/TEforest/workflow/Snakefile:155: SyntaxWarning: invalid escape sequence '\/'
  
/nas/longleaf/home/adaigle/TEforest/workflow/Snakefile:155: SyntaxWarning: invalid escape sequence '\/'
  
/nas/longleaf/home/adaigle/TEforest/workflow/Snakefile:185: SyntaxWarning: invalid escape sequence '\/'
  generate_synthetic_hets_script = workflow.basedir + "/scripts/generate_heterozygote_fqs.sh"
/nas/longleaf/home/adaigle/TEforest/workflow/Snakefile:186: SyntaxWarning: invalid escape sequence '\/'
  
/nas/longleaf/home/adaigle/TEforest/workflow/Snakefile:194: SyntaxWarning: invalid escape sequence '\/'
  het_reads_dir = directory("het_reads/{sample}"),
/nas/longleaf/home/adaigle/TEforest/workflow/Snakefile:194: SyntaxWarning: invalid escape sequence '\/'
  het_reads_dir = directory("het_reads/{sample}"),
Assuming unrestricted shared filesystem usage for local execution.
Building DAG of jobs...
Using shell: /usr/bin/bash
Provided cores: 32
Rules claiming more threads will be scaled down.
Job stats:
job          count
---------  -------
benchmark        4
total            4

Select jobs to execute...
Execute 4 jobs...

[Thu Apr 11 16:23:22 2024]
localrule benchmark:
    input: /nas/longleaf/home/adaigle/work/mcclintock_stuff/euchromatin.txt, 2L2R_model_validation_output/JUT-008_MUN-009_TEforest_nonredundant.bed, 2L2R_model_validation_output_classifier/JUT-008_MUN-009_TEforest_nonredundant.bed
    output: 2L_2R_plots/freqplt/JUT-008_MUN-009.pdf
    log: logs/JUT-008_MUN-009/bench.log
    jobid: 12
    benchmark: benchmarks/JUT-008_MUN-009.find_breakpoints.benchmark.txt
    reason: Missing output files: 2L_2R_plots/freqplt/JUT-008_MUN-009.pdf
    wildcards: sample=JUT-008_MUN-009
    resources: tmpdir=/tmp

/nas/longleaf/home/adaigle/TEforest/workflow/scripts/benchmark_te_callers_het.r JUT-008 MUN-009 /nas/longleaf/home/adaigle/work/mcclintock_stuff/euchromatin.txt TEforest_regressor TEforest_classifier 2L_2R_plots

[Thu Apr 11 16:23:25 2024]
localrule benchmark:
    input: /nas/longleaf/home/adaigle/work/mcclintock_stuff/euchromatin.txt, 2L2R_model_validation_output/A2_A3_TEforest_nonredundant.bed, 2L2R_model_validation_output_classifier/A2_A3_TEforest_nonredundant.bed
    output: 2L_2R_plots/freqplt/A2_A3.pdf
    log: logs/A2_A3/bench.log
    jobid: 0
    benchmark: benchmarks/A2_A3.find_breakpoints.benchmark.txt
    reason: Missing output files: 2L_2R_plots/freqplt/A2_A3.pdf
    wildcards: sample=A2_A3
    resources: tmpdir=/tmp

/nas/longleaf/home/adaigle/TEforest/workflow/scripts/benchmark_te_callers_het.r A2 A3 /nas/longleaf/home/adaigle/work/mcclintock_stuff/euchromatin.txt TEforest_regressor TEforest_classifier 2L_2R_plots

[Thu Apr 11 16:23:25 2024]
localrule benchmark:
    input: /nas/longleaf/home/adaigle/work/mcclintock_stuff/euchromatin.txt, 2L2R_model_validation_output/RAL-091_RAL-176_TEforest_nonredundant.bed, 2L2R_model_validation_output_classifier/RAL-091_RAL-176_TEforest_nonredundant.bed
    output: 2L_2R_plots/freqplt/RAL-091_RAL-176.pdf
    log: logs/RAL-091_RAL-176/bench.log
    jobid: 36
    benchmark: benchmarks/RAL-091_RAL-176.find_breakpoints.benchmark.txt
    reason: Missing output files: 2L_2R_plots/freqplt/RAL-091_RAL-176.pdf
    wildcards: sample=RAL-091_RAL-176
    resources: tmpdir=/tmp

/nas/longleaf/home/adaigle/TEforest/workflow/scripts/benchmark_te_callers_het.r RAL-091 RAL-176 /nas/longleaf/home/adaigle/work/mcclintock_stuff/euchromatin.txt TEforest_regressor TEforest_classifier 2L_2R_plots

[Thu Apr 11 16:23:25 2024]
localrule benchmark:
    input: /nas/longleaf/home/adaigle/work/mcclintock_stuff/euchromatin.txt, 2L2R_model_validation_output/AKA-017_GIM-024_TEforest_nonredundant.bed, 2L2R_model_validation_output_classifier/AKA-017_GIM-024_TEforest_nonredundant.bed
    output: 2L_2R_plots/freqplt/AKA-017_GIM-024.pdf
    log: logs/AKA-017_GIM-024/bench.log
    jobid: 24
    benchmark: benchmarks/AKA-017_GIM-024.find_breakpoints.benchmark.txt
    reason: Missing output files: 2L_2R_plots/freqplt/AKA-017_GIM-024.pdf
    wildcards: sample=AKA-017_GIM-024
    resources: tmpdir=/tmp

/nas/longleaf/home/adaigle/TEforest/workflow/scripts/benchmark_te_callers_het.r AKA-017 GIM-024 /nas/longleaf/home/adaigle/work/mcclintock_stuff/euchromatin.txt TEforest_regressor TEforest_classifier 2L_2R_plots
── Attaching core tidyverse packages ──────────────────────── tidyverse 2.0.0 ──
✔ dplyr     1.1.3     ✔ readr     2.1.4
✔ forcats   1.0.0     ✔ stringr   1.5.1
✔ ggplot2   3.4.4     ✔ tibble    3.2.1
✔ lubridate 1.9.3     ✔ tidyr     1.3.0
✔ purrr     1.0.1     
── Attaching core tidyverse packages ──────────────────────── tidyverse 2.0.0 ──
✔ dplyr     1.1.3     ✔ readr     2.1.4
✔ forcats   1.0.0     ✔ stringr   1.5.1
✔ ggplot2   3.4.4     ✔ tibble    3.2.1
✔ lubridate 1.9.3     ✔ tidyr     1.3.0
✔ purrr     1.0.1     
── Attaching core tidyverse packages ──────────────────────── tidyverse 2.0.0 ──
✔ dplyr     1.1.3     ✔ readr     2.1.4
✔ forcats   1.0.0     ✔ stringr   1.5.1
✔ ggplot2   3.4.4     ✔ tibble    3.2.1
✔ lubridate 1.9.3     ✔ tidyr     1.3.0
✔ purrr     1.0.1     
── Attaching core tidyverse packages ──────────────────────── tidyverse 2.0.0 ──
✔ dplyr     1.1.3     ✔ readr     2.1.4
✔ forcats   1.0.0     ✔ stringr   1.5.1
✔ ggplot2   3.4.4     ✔ tibble    3.2.1
✔ lubridate 1.9.3     ✔ tidyr     1.3.0
✔ purrr     1.0.1     
── Conflicts ────────────────────────────────────────── tidyverse_conflicts() ──
✖ dplyr::filter() masks stats::filter()
✖ dplyr::lag()    masks stats::lag()
ℹ Use the conflicted package (<http://conflicted.r-lib.org/>) to force all conflicts to become errors
Loading required package: stats4
Loading required package: BiocGenerics
── Conflicts ────────────────────────────────────────── tidyverse_conflicts() ──
✖ dplyr::filter() masks stats::filter()
✖ dplyr::lag()    masks stats::lag()
ℹ Use the conflicted package (<http://conflicted.r-lib.org/>) to force all conflicts to become errors
── Conflicts ────────────────────────────────────────── tidyverse_conflicts() ──
✖ dplyr::filter() masks stats::filter()
✖ dplyr::lag()    masks stats::lag()
ℹ Use the conflicted package (<http://conflicted.r-lib.org/>) to force all conflicts to become errors
── Conflicts ────────────────────────────────────────── tidyverse_conflicts() ──
✖ dplyr::filter() masks stats::filter()
✖ dplyr::lag()    masks stats::lag()
ℹ Use the conflicted package (<http://conflicted.r-lib.org/>) to force all conflicts to become errors
Loading required package: stats4
Loading required package: stats4
Loading required package: stats4
Loading required package: BiocGenerics
Loading required package: BiocGenerics
Loading required package: BiocGenerics

Attaching package: ‘BiocGenerics’

The following objects are masked from ‘package:lubridate’:

    intersect, setdiff, union

The following objects are masked from ‘package:dplyr’:

    combine, intersect, setdiff, union

The following objects are masked from ‘package:stats’:

    IQR, mad, sd, var, xtabs

The following objects are masked from ‘package:base’:

    anyDuplicated, append, as.data.frame, basename, cbind, colnames,
    dirname, do.call, duplicated, eval, evalq, Filter, Find, get, grep,
    grepl, intersect, is.unsorted, lapply, Map, mapply, match, mget,
    order, paste, pmax, pmax.int, pmin, pmin.int, Position, rank,
    rbind, Reduce, rownames, sapply, setdiff, sort, table, tapply,
    union, unique, unsplit, which.max, which.min

Loading required package: S4Vectors

Attaching package: ‘BiocGenerics’


Attaching package: ‘BiocGenerics’

The following objects are masked from ‘package:lubridate’:

    intersect, setdiff, union

The following objects are masked from ‘package:dplyr’:

    combine, intersect, setdiff, union

The following objects are masked from ‘package:stats’:

    IQR, mad, sd, var, xtabs

The following objects are masked from ‘package:lubridate’:

    intersect, setdiff, union

The following objects are masked from ‘package:base’:

    anyDuplicated, append, as.data.frame, basename, cbind, colnames,
    dirname, do.call, duplicated, eval, evalq, Filter, Find, get, grep,
    grepl, intersect, is.unsorted, lapply, Map, mapply, match, mget,
    order, paste, pmax, pmax.int, pmin, pmin.int, Position, rank,
    rbind, Reduce, rownames, sapply, setdiff, sort, table, tapply,
    union, unique, unsplit, which.max, which.min

The following objects are masked from ‘package:dplyr’:

    combine, intersect, setdiff, union

The following objects are masked from ‘package:stats’:

    IQR, mad, sd, var, xtabs

The following objects are masked from ‘package:base’:

    anyDuplicated, append, as.data.frame, basename, cbind, colnames,
    dirname, do.call, duplicated, eval, evalq, Filter, Find, get, grep,
    grepl, intersect, is.unsorted, lapply, Map, mapply, match, mget,
    order, paste, pmax, pmax.int, pmin, pmin.int, Position, rank,
    rbind, Reduce, rownames, sapply, setdiff, sort, table, tapply,
    union, unique, unsplit, which.max, which.min

Loading required package: S4Vectors
Loading required package: S4Vectors

Attaching package: ‘BiocGenerics’

The following objects are masked from ‘package:lubridate’:

    intersect, setdiff, union

The following objects are masked from ‘package:dplyr’:

    combine, intersect, setdiff, union

The following objects are masked from ‘package:stats’:

    IQR, mad, sd, var, xtabs

The following objects are masked from ‘package:base’:

    anyDuplicated, append, as.data.frame, basename, cbind, colnames,
    dirname, do.call, duplicated, eval, evalq, Filter, Find, get, grep,
    grepl, intersect, is.unsorted, lapply, Map, mapply, match, mget,
    order, paste, pmax, pmax.int, pmin, pmin.int, Position, rank,
    rbind, Reduce, rownames, sapply, setdiff, sort, table, tapply,
    union, unique, unsplit, which.max, which.min

Loading required package: S4Vectors

Attaching package: ‘S4Vectors’

The following objects are masked from ‘package:lubridate’:

    second, second<-

The following objects are masked from ‘package:dplyr’:

    first, rename

The following object is masked from ‘package:tidyr’:

    expand

The following objects are masked from ‘package:base’:

    expand.grid, I, unname

Loading required package: IRanges

Attaching package: ‘S4Vectors’

The following objects are masked from ‘package:lubridate’:

    second, second<-

The following objects are masked from ‘package:dplyr’:

    first, rename

The following object is masked from ‘package:tidyr’:

    expand

The following objects are masked from ‘package:base’:

    expand.grid, I, unname

Loading required package: IRanges

Attaching package: ‘S4Vectors’

The following objects are masked from ‘package:lubridate’:

    second, second<-

The following objects are masked from ‘package:dplyr’:

    first, rename

The following object is masked from ‘package:tidyr’:

    expand

The following objects are masked from ‘package:base’:

    expand.grid, I, unname

Loading required package: IRanges

Attaching package: ‘S4Vectors’

The following objects are masked from ‘package:lubridate’:

    second, second<-

The following objects are masked from ‘package:dplyr’:

    first, rename

The following object is masked from ‘package:tidyr’:

    expand

The following objects are masked from ‘package:base’:

    expand.grid, I, unname

Loading required package: IRanges

Attaching package: ‘IRanges’

The following object is masked from ‘package:lubridate’:

    %within%

The following objects are masked from ‘package:dplyr’:

    collapse, desc, slice

The following object is masked from ‘package:purrr’:

    reduce

Loading required package: GenomeInfoDb

Attaching package: ‘IRanges’

The following object is masked from ‘package:lubridate’:

    %within%

The following objects are masked from ‘package:dplyr’:

    collapse, desc, slice

The following object is masked from ‘package:purrr’:

    reduce

Loading required package: GenomeInfoDb

Attaching package: ‘IRanges’

The following object is masked from ‘package:lubridate’:

    %within%

The following objects are masked from ‘package:dplyr’:

    collapse, desc, slice

The following object is masked from ‘package:purrr’:

    reduce

Loading required package: GenomeInfoDb

Attaching package: ‘IRanges’

The following object is masked from ‘package:lubridate’:

    %within%

The following objects are masked from ‘package:dplyr’:

    collapse, desc, slice

The following object is masked from ‘package:purrr’:

    reduce

Loading required package: GenomeInfoDb
Loading required package: lattice
Loading required package: lattice
Loading required package: lattice
Loading required package: lattice

Attaching package: ‘caret’

The following object is masked from ‘package:purrr’:

    lift

[1] "AKA-017"                                                         
[2] "GIM-024"                                                         
[3] "/nas/longleaf/home/adaigle/work/mcclintock_stuff/euchromatin.txt"
[4] "TEforest_regressor"                                              
[5] "TEforest_classifier"                                             
[6] "2L_2R_plots"                                                     

Attaching package: ‘caret’


Attaching package: ‘caret’

The following object is masked from ‘package:purrr’:

    lift

The following object is masked from ‘package:purrr’:

    lift


Attaching package: ‘caret’

The following object is masked from ‘package:purrr’:

    lift

[1][1] "RAL-091"                                                          "JUT-008"                                                         

[2][2] "RAL-176"                                                          "MUN-009"                                                         

[3][3] "/nas/longleaf/home/adaigle/work/mcclintock_stuff/euchromatin.txt" "/nas/longleaf/home/adaigle/work/mcclintock_stuff/euchromatin.txt"

[4][4] "TEforest_regressor"                                               "TEforest_regressor"                                              

[5][5] "TEforest_classifier"                                              "TEforest_classifier"                                             

[6][6] "2L_2R_plots"                                                      "2L_2R_plots"                                                     

[1] "A2"                                                              
[2] "A3"                                                              
[3] "/nas/longleaf/home/adaigle/work/mcclintock_stuff/euchromatin.txt"
[4] "TEforest_regressor"                                              
[5] "TEforest_classifier"                                             
[6] "2L_2R_plots"                                                     
[1] TRUE
[1] TRUE
[1] TRUE
[1] TRUE
[1] TRUE
[1] TRUE
[1] TRUE
[1] TRUE
[1] TRUE
[1] TRUE
[1] TRUE
[1] TRUE
[1] TRUE
[1] TRUE
[1] TRUE
[1] TRUE
Warning message:
The dot-dot notation (`..count..`) was deprecated in ggplot2 3.4.0.
ℹ Please use `after_stat(count)` instead. 
performance_plots breakpoints_plots            hetplt           homoplt 
             TRUE              TRUE              TRUE              TRUE 
    freqpltnozero           freqplt 
             TRUE             FALSE 
Warning message:
In dir.create(paste0(plt_dir, "/", dir, "/")) :
  '/work/users/a/d/adaigle/test_TEforest/full_model_new/2L_2R_plots/freqplt' already exists
Saving 14 x 7 in image
Saving 14 x 7 in image
Saving 14 x 7 in image
[1] "RAL-091RAL-176 done!"
[Thu Apr 11 16:28:01 2024]
Finished job 36.
1 of 4 steps (25%) done
Warning message:
The dot-dot notation (`..count..`) was deprecated in ggplot2 3.4.0.
ℹ Please use `after_stat(count)` instead. 
performance_plots breakpoints_plots            hetplt           homoplt 
            FALSE             FALSE             FALSE             FALSE 
    freqpltnozero           freqplt 
            FALSE             FALSE 
Warning messages:
1: In dir.create(paste0(plt_dir, "/", dir, "/")) :
  '/work/users/a/d/adaigle/test_TEforest/full_model_new/2L_2R_plots/performance_plots' already exists
2: In dir.create(paste0(plt_dir, "/", dir, "/")) :
  '/work/users/a/d/adaigle/test_TEforest/full_model_new/2L_2R_plots/breakpoints_plots' already exists
3: In dir.create(paste0(plt_dir, "/", dir, "/")) :
  '/work/users/a/d/adaigle/test_TEforest/full_model_new/2L_2R_plots/hetplt' already exists
4: In dir.create(paste0(plt_dir, "/", dir, "/")) :
  '/work/users/a/d/adaigle/test_TEforest/full_model_new/2L_2R_plots/homoplt' already exists
5: In dir.create(paste0(plt_dir, "/", dir, "/")) :
  '/work/users/a/d/adaigle/test_TEforest/full_model_new/2L_2R_plots/freqpltnozero' already exists
6: In dir.create(paste0(plt_dir, "/", dir, "/")) :
  '/work/users/a/d/adaigle/test_TEforest/full_model_new/2L_2R_plots/freqplt' already exists
Saving 14 x 7 in image
Saving 14 x 7 in image
Saving 14 x 7 in image
Warning messages:
1: Removed 1 rows containing missing values (`geom_bar()`). 
2: Removed 1 rows containing missing values (`geom_text()`). 
[1] "AKA-017GIM-024 done!"
[Thu Apr 11 16:28:30 2024]
Finished job 24.
2 of 4 steps (50%) done
Warning message:
The dot-dot notation (`..count..`) was deprecated in ggplot2 3.4.0.
ℹ Please use `after_stat(count)` instead. 
performance_plots breakpoints_plots            hetplt           homoplt 
            FALSE             FALSE             FALSE             FALSE 
    freqpltnozero           freqplt 
            FALSE             FALSE 
Warning messages:
1: In dir.create(paste0(plt_dir, "/", dir, "/")) :
  '/work/users/a/d/adaigle/test_TEforest/full_model_new/2L_2R_plots/performance_plots' already exists
2: In dir.create(paste0(plt_dir, "/", dir, "/")) :
  '/work/users/a/d/adaigle/test_TEforest/full_model_new/2L_2R_plots/breakpoints_plots' already exists
3: In dir.create(paste0(plt_dir, "/", dir, "/")) :
  '/work/users/a/d/adaigle/test_TEforest/full_model_new/2L_2R_plots/hetplt' already exists
4: In dir.create(paste0(plt_dir, "/", dir, "/")) :
  '/work/users/a/d/adaigle/test_TEforest/full_model_new/2L_2R_plots/homoplt' already exists
5: In dir.create(paste0(plt_dir, "/", dir, "/")) :
  '/work/users/a/d/adaigle/test_TEforest/full_model_new/2L_2R_plots/freqpltnozero' already exists
6: In dir.create(paste0(plt_dir, "/", dir, "/")) :
  '/work/users/a/d/adaigle/test_TEforest/full_model_new/2L_2R_plots/freqplt' already exists
Saving 14 x 7 in image
Saving 14 x 7 in image
Saving 14 x 7 in image
[1] "A2A3 done!"
[Thu Apr 11 16:30:47 2024]
Finished job 0.
3 of 4 steps (75%) done
Warning message:
The dot-dot notation (`..count..`) was deprecated in ggplot2 3.4.0.
ℹ Please use `after_stat(count)` instead. 
performance_plots breakpoints_plots            hetplt           homoplt 
            FALSE             FALSE             FALSE             FALSE 
    freqpltnozero           freqplt 
            FALSE             FALSE 
Warning messages:
1: In dir.create(paste0(plt_dir, "/", dir, "/")) :
  '/work/users/a/d/adaigle/test_TEforest/full_model_new/2L_2R_plots/performance_plots' already exists
2: In dir.create(paste0(plt_dir, "/", dir, "/")) :
  '/work/users/a/d/adaigle/test_TEforest/full_model_new/2L_2R_plots/breakpoints_plots' already exists
3: In dir.create(paste0(plt_dir, "/", dir, "/")) :
  '/work/users/a/d/adaigle/test_TEforest/full_model_new/2L_2R_plots/hetplt' already exists
4: In dir.create(paste0(plt_dir, "/", dir, "/")) :
  '/work/users/a/d/adaigle/test_TEforest/full_model_new/2L_2R_plots/homoplt' already exists
5: In dir.create(paste0(plt_dir, "/", dir, "/")) :
  '/work/users/a/d/adaigle/test_TEforest/full_model_new/2L_2R_plots/freqpltnozero' already exists
6: In dir.create(paste0(plt_dir, "/", dir, "/")) :
  '/work/users/a/d/adaigle/test_TEforest/full_model_new/2L_2R_plots/freqplt' already exists
Saving 14 x 7 in image
Saving 14 x 7 in image
Saving 14 x 7 in image
[1] "JUT-008MUN-009 done!"
[Thu Apr 11 16:31:05 2024]
Finished job 12.
4 of 4 steps (100%) done
Complete log: .snakemake/log/2024-04-11T162321.256043.snakemake.log
