Using profile workflow/profiles/default and workflow specific profile workflow/profiles/default for setting default command line arguments.
/nas/longleaf/home/adaigle/TEforest/workflow/Snakefile:183: SyntaxWarning: invalid escape sequence '\/'
  process_regions_hettraining_script = (
/nas/longleaf/home/adaigle/TEforest/workflow/Snakefile:184: SyntaxWarning: invalid escape sequence '\/'
  workflow.basedir + "/scripts/process_candidate_regions_train_syn_heterozygotes.r"
/nas/longleaf/home/adaigle/TEforest/workflow/Snakefile:191: SyntaxWarning: invalid escape sequence '\/'
  return sample_parts[0], sample_parts[1]
/nas/longleaf/home/adaigle/TEforest/workflow/Snakefile:191: SyntaxWarning: invalid escape sequence '\/'
  return sample_parts[0], sample_parts[1]
/nas/longleaf/home/adaigle/TEforest/workflow/Snakefile:222: SyntaxWarning: invalid escape sequence '\/'
  sample1=lambda wildcards: split_sample(wildcards)[0],
/nas/longleaf/home/adaigle/TEforest/workflow/Snakefile:223: SyntaxWarning: invalid escape sequence '\/'
  sample2=lambda wildcards: split_sample(wildcards)[1],
/nas/longleaf/home/adaigle/TEforest/workflow/Snakefile:230: SyntaxWarning: invalid escape sequence '\/'
  threads: config["threads"]
/nas/longleaf/home/adaigle/TEforest/workflow/Snakefile:230: SyntaxWarning: invalid escape sequence '\/'
  threads: config["threads"]
Building DAG of jobs...
Job stats:
job                                    count
-----------------------------------  -------
aggregate_organized_reference              1
organize_training_data_reference           3
train_validate_classifier_reference        3
train_validate_reference                   3
total                                     10

Execute 4 jobs...

[Wed May 29 13:29:22 2024]
localcheckpoint organize_training_data_reference:
    input: feature_vectors_het_reference/JUT-008_MUN-009
    output: 2L2R_reference/JUT-008_MUN-009.txt, 3L3RX_reference/JUT-008_MUN-009.txt
    jobid: 1
    reason: Missing output files: 3L3RX_reference/JUT-008_MUN-009.txt, 2L2R_reference/JUT-008_MUN-009.txt
    wildcards: sample=JUT-008_MUN-009
    threads: 32
    resources: tmpdir=<TBD>
DAG of jobs will be updated after completion.

bash /nas/longleaf/home/adaigle/TEforest/workflow/scripts/organize_training_data.sh -s JUT-008_MUN-009

[Wed May 29 13:29:22 2024]
localcheckpoint organize_training_data_reference:
    input: feature_vectors_het_reference/AKA-017_GIM-024
    output: 2L2R_reference/AKA-017_GIM-024.txt, 3L3RX_reference/AKA-017_GIM-024.txt
    jobid: 18
    reason: Missing output files: 2L2R_reference/AKA-017_GIM-024.txt, 3L3RX_reference/AKA-017_GIM-024.txt
    wildcards: sample=AKA-017_GIM-024
    threads: 32
    resources: tmpdir=<TBD>
DAG of jobs will be updated after completion.

bash /nas/longleaf/home/adaigle/TEforest/workflow/scripts/organize_training_data.sh -s AKA-017_GIM-024

[Wed May 29 13:29:22 2024]
localcheckpoint organize_training_data_reference:
    input: feature_vectors_het_reference/A2_A3
    output: 2L2R_reference/A2_A3.txt, 3L3RX_reference/A2_A3.txt
    jobid: 10
    reason: Missing output files: 3L3RX_reference/A2_A3.txt, 2L2R_reference/A2_A3.txt
    wildcards: sample=A2_A3
    threads: 32
    resources: tmpdir=<TBD>
DAG of jobs will be updated after completion.

bash /nas/longleaf/home/adaigle/TEforest/workflow/scripts/organize_training_data.sh -s A2_A3

[Wed May 29 13:29:22 2024]
localrule aggregate_organized_reference:
    output: all_ref_samples_organized.txt
    jobid: 8
    reason: Missing output files: all_ref_samples_organized.txt
    resources: tmpdir=<TBD>

Execute 6 jobs...

[Wed May 29 13:29:22 2024]
localrule train_validate_classifier_reference:
    input: 2L2R_reference/AKA-017_GIM-024.txt, 3L3RX_reference/AKA-017_GIM-024.txt, all_ref_samples_organized.txt
    output: 2L2R_classifer_reference/AKA-017_GIM-024.txt, 3L3RX_classifer_reference/AKA-017_GIM-024.txt
    jobid: 25
    reason: Missing output files: 2L2R_classifer_reference/AKA-017_GIM-024.txt; Input files updated by another job: 2L2R_reference/AKA-017_GIM-024.txt, 3L3RX_reference/AKA-017_GIM-024.txt, all_ref_samples_organized.txt
    wildcards: sample=AKA-017_GIM-024
    threads: 32
    resources: tmpdir=<TBD>

bash /nas/longleaf/home/adaigle/TEforest/workflow/scripts/featvec_training_validation_heterozygotes_classifier_reference.sh -t /nas/longleaf/home/adaigle/TEforest/workflow/scripts/train_rf_model_classifier.py -c /nas/longleaf/home/adaigle/TEforest/workflow/scripts/condense_training_data.py -s AKA-017_GIM-024 -v /nas/longleaf/home/adaigle/TEforest/workflow/scripts/use_model.py

[Wed May 29 13:29:22 2024]
localrule train_validate_classifier_reference:
    input: 2L2R_reference/JUT-008_MUN-009.txt, 3L3RX_reference/JUT-008_MUN-009.txt, all_ref_samples_organized.txt
    output: 2L2R_classifer_reference/JUT-008_MUN-009.txt, 3L3RX_classifer_reference/JUT-008_MUN-009.txt
    jobid: 0
    reason: Missing output files: 2L2R_classifer_reference/JUT-008_MUN-009.txt; Input files updated by another job: 3L3RX_reference/JUT-008_MUN-009.txt, 2L2R_reference/JUT-008_MUN-009.txt, all_ref_samples_organized.txt
    wildcards: sample=JUT-008_MUN-009
    threads: 32
    resources: tmpdir=<TBD>

bash /nas/longleaf/home/adaigle/TEforest/workflow/scripts/featvec_training_validation_heterozygotes_classifier_reference.sh -t /nas/longleaf/home/adaigle/TEforest/workflow/scripts/train_rf_model_classifier.py -c /nas/longleaf/home/adaigle/TEforest/workflow/scripts/condense_training_data.py -s JUT-008_MUN-009 -v /nas/longleaf/home/adaigle/TEforest/workflow/scripts/use_model.py

[Wed May 29 13:29:22 2024]
localrule train_validate_reference:
    input: 2L2R_reference/AKA-017_GIM-024.txt, 3L3RX_reference/AKA-017_GIM-024.txt, all_ref_samples_organized.txt
    output: 2L2R_reference/AKA-017_GIM-024.txt_2, 3L3RX_reference/AKA-017_GIM-024.txt_2
    jobid: 17
    reason: Missing output files: 2L2R_reference/AKA-017_GIM-024.txt_2; Input files updated by another job: 2L2R_reference/AKA-017_GIM-024.txt, 3L3RX_reference/AKA-017_GIM-024.txt, all_ref_samples_organized.txt
    wildcards: sample=AKA-017_GIM-024
    threads: 32
    resources: tmpdir=<TBD>

bash /nas/longleaf/home/adaigle/TEforest/workflow/scripts/featvec_training_validation_heterozygotes_reference.sh -t /nas/longleaf/home/adaigle/TEforest/workflow/scripts/train_rf_model.py -c /nas/longleaf/home/adaigle/TEforest/workflow/scripts/condense_training_data.py -s AKA-017_GIM-024 -v /nas/longleaf/home/adaigle/TEforest/workflow/scripts/use_model.py

[Wed May 29 13:29:22 2024]
localrule train_validate_classifier_reference:
    input: 2L2R_reference/A2_A3.txt, 3L3RX_reference/A2_A3.txt, all_ref_samples_organized.txt
    output: 2L2R_classifer_reference/A2_A3.txt, 3L3RX_classifer_reference/A2_A3.txt
    jobid: 9
    reason: Missing output files: 2L2R_classifer_reference/A2_A3.txt; Input files updated by another job: 3L3RX_reference/A2_A3.txt, 2L2R_reference/A2_A3.txt, all_ref_samples_organized.txt
    wildcards: sample=A2_A3
    threads: 32
    resources: tmpdir=<TBD>

bash /nas/longleaf/home/adaigle/TEforest/workflow/scripts/featvec_training_validation_heterozygotes_classifier_reference.sh -t /nas/longleaf/home/adaigle/TEforest/workflow/scripts/train_rf_model_classifier.py -c /nas/longleaf/home/adaigle/TEforest/workflow/scripts/condense_training_data.py -s A2_A3 -v /nas/longleaf/home/adaigle/TEforest/workflow/scripts/use_model.py

[Wed May 29 13:29:22 2024]
localrule train_validate_reference:
    input: 2L2R_reference/A2_A3.txt, 3L3RX_reference/A2_A3.txt, all_ref_samples_organized.txt
    output: 2L2R_reference/A2_A3.txt_2, 3L3RX_reference/A2_A3.txt_2
    jobid: 16
    reason: Missing output files: 2L2R_reference/A2_A3.txt_2; Input files updated by another job: 3L3RX_reference/A2_A3.txt, 2L2R_reference/A2_A3.txt, all_ref_samples_organized.txt
    wildcards: sample=A2_A3
    threads: 32
    resources: tmpdir=<TBD>

bash /nas/longleaf/home/adaigle/TEforest/workflow/scripts/featvec_training_validation_heterozygotes_reference.sh -t /nas/longleaf/home/adaigle/TEforest/workflow/scripts/train_rf_model.py -c /nas/longleaf/home/adaigle/TEforest/workflow/scripts/condense_training_data.py -s A2_A3 -v /nas/longleaf/home/adaigle/TEforest/workflow/scripts/use_model.py

[Wed May 29 13:29:22 2024]
localrule train_validate_reference:
    input: 2L2R_reference/JUT-008_MUN-009.txt, 3L3RX_reference/JUT-008_MUN-009.txt, all_ref_samples_organized.txt
    output: 2L2R_reference/JUT-008_MUN-009.txt_2, 3L3RX_reference/JUT-008_MUN-009.txt_2
    jobid: 24
    reason: Missing output files: 2L2R_reference/JUT-008_MUN-009.txt_2; Input files updated by another job: 3L3RX_reference/JUT-008_MUN-009.txt, 2L2R_reference/JUT-008_MUN-009.txt, all_ref_samples_organized.txt
    wildcards: sample=JUT-008_MUN-009
    threads: 32
    resources: tmpdir=<TBD>

bash /nas/longleaf/home/adaigle/TEforest/workflow/scripts/featvec_training_validation_heterozygotes_reference.sh -t /nas/longleaf/home/adaigle/TEforest/workflow/scripts/train_rf_model.py -c /nas/longleaf/home/adaigle/TEforest/workflow/scripts/condense_training_data.py -s JUT-008_MUN-009 -v /nas/longleaf/home/adaigle/TEforest/workflow/scripts/use_model.py
Job stats:
job                                    count
-----------------------------------  -------
aggregate_organized_reference              1
organize_training_data_reference           3
train_validate_classifier_reference        3
train_validate_reference                   3
total                                     10

Reasons:
    (check individual jobs above for details)
    input files updated by another job:
        train_validate_classifier_reference, train_validate_reference
    missing output files:
        aggregate_organized_reference, organize_training_data_reference, train_validate_classifier_reference, train_validate_reference

This was a dry-run (flag -n). The order of jobs does not reflect the order of execution.
The run involves checkpoint jobs, which will result in alteration of the DAG of jobs (e.g. adding more jobs) after their completion.
