Using profile workflow/profiles/default and workflow specific profile workflow/profiles/default for setting default command line arguments.
/nas/longleaf/home/adaigle/TEforest/workflow/Snakefile:183: SyntaxWarning: invalid escape sequence '\/'
  process_regions_hettraining_script = (
/nas/longleaf/home/adaigle/TEforest/workflow/Snakefile:184: SyntaxWarning: invalid escape sequence '\/'
  workflow.basedir + "/scripts/process_candidate_regions_train_syn_heterozygotes.r"
/nas/longleaf/home/adaigle/TEforest/workflow/Snakefile:191: SyntaxWarning: invalid escape sequence '\/'
  return sample_parts[0], sample_parts[1]
/nas/longleaf/home/adaigle/TEforest/workflow/Snakefile:191: SyntaxWarning: invalid escape sequence '\/'
  return sample_parts[0], sample_parts[1]
/nas/longleaf/home/adaigle/TEforest/workflow/Snakefile:222: SyntaxWarning: invalid escape sequence '\/'
  sample2=lambda wildcards: split_sample(wildcards)[1],
/nas/longleaf/home/adaigle/TEforest/workflow/Snakefile:223: SyntaxWarning: invalid escape sequence '\/'
  input:
/nas/longleaf/home/adaigle/TEforest/workflow/Snakefile:230: SyntaxWarning: invalid escape sequence '\/'
  shell:
/nas/longleaf/home/adaigle/TEforest/workflow/Snakefile:230: SyntaxWarning: invalid escape sequence '\/'
  shell:
Assuming unrestricted shared filesystem usage for local execution.
Building DAG of jobs...
Using shell: /usr/bin/bash
Provided cores: 32
Rules claiming more threads will be scaled down.
Job stats:
job                                count
-------------------------------  -------
benchmark                              3
find_breakpoints_het                   3
find_breakpoints_het_classifier        3
split_data                             3
split_data_classifier                  3
train_validate                         1
train_validate_classifier              1
total                                 17

Select jobs to execute...
Execute 1 jobs...

[Thu May 23 16:33:35 2024]
localrule train_validate:
    output: 2L2R/svrf_classifier_all.pkl
    jobid: 3
    reason: Missing output files: 2L2R/svrf_classifier_all.pkl
    threads: 32
    resources: tmpdir=/tmp

bash /nas/longleaf/home/adaigle/TEforest/workflow/scripts/featvec_training_validation_heterozygotes.sh -t /nas/longleaf/home/adaigle/TEforest/workflow/scripts/train_rf_model.py -c /nas/longleaf/home/adaigle/TEforest/workflow/scripts/condense_training_data.py -v /nas/longleaf/home/adaigle/TEforest/workflow/scripts/use_model.py
Current directory: /work/users/a/d/adaigle/test_TEforest/full_model_improved_consensus_revertedfiltering2
Condensing data: 0it [00:00, ?it/s]Condensing data: 0it [00:00, ?it/s]
Condensing data: 0it [00:00, ?it/s]Condensing data: 0it [00:00, ?it/s]
Traceback (most recent call last):
  File "/nas/longleaf/home/adaigle/TEforest/workflow/scripts/condense_training_data.py", line 53, in <module>
    main()
  File "/nas/longleaf/home/adaigle/TEforest/workflow/scripts/condense_training_data.py", line 49, in main
    np.savez(ap.outfile, **data_dict)
  File "/work/users/a/d/adaigle/.conda/envs/TEforest/lib/python3.12/site-packages/numpy/lib/npyio.py", line 639, in savez
    _savez(file, args, kwds, False)
  File "/work/users/a/d/adaigle/.conda/envs/TEforest/lib/python3.12/site-packages/numpy/lib/npyio.py", line 736, in _savez
    zipf = zipfile_factory(file, mode="w", compression=compression)
           ^^^^^^^^^^^^^^^^^^^^^^^^^^^^^^^^^^^^^^^^^^^^^^^^^^^^^^^^
  File "/work/users/a/d/adaigle/.conda/envs/TEforest/lib/python3.12/site-packages/numpy/lib/npyio.py", line 103, in zipfile_factory
    return zipfile.ZipFile(file, *args, **kwargs)
           ^^^^^^^^^^^^^^^^^^^^^^^^^^^^^^^^^^^^^^
  File "/work/users/a/d/adaigle/.conda/envs/TEforest/lib/python3.12/zipfile/__init__.py", line 1321, in __init__
    self.fp = io.open(file, filemode)
              ^^^^^^^^^^^^^^^^^^^^^^^
FileNotFoundError: [Errno 2] No such file or directory: '/work/users/a/d/adaigle/test_TEforest/full_model_improved_consensus_revertedfiltering2/3L3RX/condense.npz'
/nas/longleaf/home/adaigle/TEforest/workflow/scripts/train_rf_model.py:6: DeprecationWarning: 
Pyarrow will become a required dependency of pandas in the next major release of pandas (pandas 3.0),
(to allow more performant data types, such as the Arrow string type, and better interoperability with other libraries)
but was not found to be installed on your system.
If this would cause problems for you,
please provide us feedback at https://github.com/pandas-dev/pandas/issues/54466
        
  import pandas as pd
[info] Loading data
{'data': [], 'labs': [], 'files': []}
0it [00:00, ?it/s]0it [00:00, ?it/s]
[info] Data loaded
Size of samps 3
0 samples found.

Traceback (most recent call last):
  File "/nas/longleaf/home/adaigle/TEforest/workflow/scripts/train_rf_model.py", line 294, in <module>
    main()
  File "/nas/longleaf/home/adaigle/TEforest/workflow/scripts/train_rf_model.py", line 285, in main
    y_test, preds = all_runner(data_dict, class_labs, ap.outdir)
                    ^^^^^^^^^^^^^^^^^^^^^^^^^^^^^^^^^^^^^^^^^^^^
  File "/nas/longleaf/home/adaigle/TEforest/workflow/scripts/train_rf_model.py", line 222, in all_runner
    ) = split_data(samps["data"], samps["labs"], samps["files"])
        ^^^^^^^^^^^^^^^^^^^^^^^^^^^^^^^^^^^^^^^^^^^^^^^^^^^^^^^^
  File "/nas/longleaf/home/adaigle/TEforest/workflow/scripts/train_rf_model.py", line 43, in split_data
    X_train, X_test, files_train, files_test, y_train, y_test = train_test_split(
                                                                ^^^^^^^^^^^^^^^^^
  File "/work/users/a/d/adaigle/.conda/envs/TEforest/lib/python3.12/site-packages/sklearn/utils/_param_validation.py", line 211, in wrapper
    return func(*args, **kwargs)
           ^^^^^^^^^^^^^^^^^^^^^
  File "/work/users/a/d/adaigle/.conda/envs/TEforest/lib/python3.12/site-packages/sklearn/model_selection/_split.py", line 2617, in train_test_split
    n_train, n_test = _validate_shuffle_split(
                      ^^^^^^^^^^^^^^^^^^^^^^^^
  File "/work/users/a/d/adaigle/.conda/envs/TEforest/lib/python3.12/site-packages/sklearn/model_selection/_split.py", line 2273, in _validate_shuffle_split
    raise ValueError(
ValueError: With n_samples=0, test_size=0.05 and train_size=None, the resulting train set will be empty. Adjust any of the aforementioned parameters.
/nas/longleaf/home/adaigle/TEforest/workflow/scripts/train_rf_model.py:6: DeprecationWarning: 
Pyarrow will become a required dependency of pandas in the next major release of pandas (pandas 3.0),
(to allow more performant data types, such as the Arrow string type, and better interoperability with other libraries)
but was not found to be installed on your system.
If this would cause problems for you,
please provide us feedback at https://github.com/pandas-dev/pandas/issues/54466
        
  import pandas as pd
[info] Loading data
Traceback (most recent call last):
  File "/nas/longleaf/home/adaigle/TEforest/workflow/scripts/train_rf_model.py", line 294, in <module>
    main()
  File "/nas/longleaf/home/adaigle/TEforest/workflow/scripts/train_rf_model.py", line 262, in main
    data_dict = load_data(ap.infile, ap.outdir)
                ^^^^^^^^^^^^^^^^^^^^^^^^^^^^^^^
  File "/nas/longleaf/home/adaigle/TEforest/workflow/scripts/train_rf_model.py", line 21, in load_data
    sv_data = np.load(infile)
              ^^^^^^^^^^^^^^^
  File "/work/users/a/d/adaigle/.conda/envs/TEforest/lib/python3.12/site-packages/numpy/lib/npyio.py", line 427, in load
    fid = stack.enter_context(open(os_fspath(file), "rb"))
                              ^^^^^^^^^^^^^^^^^^^^^^^^^^^
FileNotFoundError: [Errno 2] No such file or directory: '/work/users/a/d/adaigle/test_TEforest/full_model_improved_consensus_revertedfiltering2/3L3RX/condense.npz'
/nas/longleaf/home/adaigle/TEforest/workflow/scripts/use_model.py:7: DeprecationWarning: 
Pyarrow will become a required dependency of pandas in the next major release of pandas (pandas 3.0),
(to allow more performant data types, such as the Arrow string type, and better interoperability with other libraries)
but was not found to be installed on your system.
If this would cause problems for you,
please provide us feedback at https://github.com/pandas-dev/pandas/issues/54466
        
  import pandas as pd
Traceback (most recent call last):
  File "/nas/longleaf/home/adaigle/TEforest/workflow/scripts/use_model.py", line 117, in <module>
    main()
  File "/nas/longleaf/home/adaigle/TEforest/workflow/scripts/use_model.py", line 59, in main
    with open(ap.model, "rb") as f:
         ^^^^^^^^^^^^^^^^^^^^
FileNotFoundError: [Errno 2] No such file or directory: '/work/users/a/d/adaigle/test_TEforest/full_model_improved_consensus_revertedfiltering2/2L2R/svrf_all.pkl'
/nas/longleaf/home/adaigle/TEforest/workflow/scripts/use_model.py:7: DeprecationWarning: 
Pyarrow will become a required dependency of pandas in the next major release of pandas (pandas 3.0),
(to allow more performant data types, such as the Arrow string type, and better interoperability with other libraries)
but was not found to be installed on your system.
If this would cause problems for you,
please provide us feedback at https://github.com/pandas-dev/pandas/issues/54466
        
  import pandas as pd
Traceback (most recent call last):
  File "/nas/longleaf/home/adaigle/TEforest/workflow/scripts/use_model.py", line 117, in <module>
    main()
  File "/nas/longleaf/home/adaigle/TEforest/workflow/scripts/use_model.py", line 59, in main
    with open(ap.model, "rb") as f:
         ^^^^^^^^^^^^^^^^^^^^
FileNotFoundError: [Errno 2] No such file or directory: '/work/users/a/d/adaigle/test_TEforest/full_model_improved_consensus_revertedfiltering2/3L3RX/svrf_all.pkl'
/work/users/a/d/adaigle/test_TEforest/full_model_improved_consensus_revertedfiltering2/feature_vectors_het/A2_A3 /work/users/a/d/adaigle/test_TEforest/full_model_improved_consensus_revertedfiltering2/feature_vectors_het/AKA-017_GIM-024 /work/users/a/d/adaigle/test_TEforest/full_model_improved_consensus_revertedfiltering2/feature_vectors_het/JUT-008_MUN-009
touch: cannot touch '/work/users/a/d/adaigle/test_TEforest/full_model_improved_consensus_revertedfiltering2/3L3RX/.2.txt': No such file or directory
Waiting at most 5 seconds for missing files.
MissingOutputException in rule train_validate in file /nas/longleaf/home/adaigle/TEforest/workflow/Snakefile, line 375:
Job 3  completed successfully, but some output files are missing. Missing files after 5 seconds. This might be due to filesystem latency. If that is the case, consider to increase the wait time with --latency-wait:
2L2R/svrf_classifier_all.pkl
Shutting down, this might take some time.
Exiting because a job execution failed. Look above for error message
Complete log: .snakemake/log/2024-05-23T163334.820878.snakemake.log
WorkflowError:
At least one job did not complete successfully.
