── Attaching core tidyverse packages ──────────────────────── tidyverse 2.0.0 ──
✔ dplyr     1.1.3     ✔ readr     2.1.4
✔ forcats   1.0.0     ✔ stringr   1.5.1
✔ ggplot2   3.4.4     ✔ tibble    3.2.1
✔ lubridate 1.9.3     ✔ tidyr     1.3.0
✔ purrr     1.0.1     
── Conflicts ────────────────────────────────────────── tidyverse_conflicts() ──
✖ dplyr::filter() masks stats::filter()
✖ dplyr::lag()    masks stats::lag()
ℹ Use the conflicted package (<http://conflicted.r-lib.org/>) to force all conflicts to become errors
Loading required package: stats4
Loading required package: BiocGenerics

Attaching package: ‘BiocGenerics’

The following objects are masked from ‘package:lubridate’:

    intersect, setdiff, union

The following objects are masked from ‘package:dplyr’:

    combine, intersect, setdiff, union

The following objects are masked from ‘package:stats’:

    IQR, mad, sd, var, xtabs

The following objects are masked from ‘package:base’:

    anyDuplicated, append, as.data.frame, basename, cbind, colnames,
    dirname, do.call, duplicated, eval, evalq, Filter, Find, get, grep,
    grepl, intersect, is.unsorted, lapply, Map, mapply, match, mget,
    order, paste, pmax, pmax.int, pmin, pmin.int, Position, rank,
    rbind, Reduce, rownames, sapply, setdiff, sort, table, tapply,
    union, unique, unsplit, which.max, which.min

Loading required package: S4Vectors

Attaching package: ‘S4Vectors’

The following objects are masked from ‘package:lubridate’:

    second, second<-

The following objects are masked from ‘package:dplyr’:

    first, rename

The following object is masked from ‘package:tidyr’:

    expand

The following objects are masked from ‘package:base’:

    expand.grid, I, unname

Loading required package: IRanges

Attaching package: ‘IRanges’

The following object is masked from ‘package:lubridate’:

    %within%

The following objects are masked from ‘package:dplyr’:

    collapse, desc, slice

The following object is masked from ‘package:purrr’:

    reduce

Loading required package: GenomeInfoDb
Loading required package: viridisLite
# A tibble: 7 × 2
  counts frequency
   <int>     <int>
1      1      1111
2      2        80
3      3        15
4      4        16
5      5         5
6      7         7
7      8         8
Warning message:
There were 953 warnings in `mutate()`.
The first warning was:
ℹ In argument: `nonref_gr_filter = map(...)`.
Caused by warning in `.Seqinfo.mergexy()`:
! Each of the 2 combined objects has sequence levels not in the other:
  - in 'x': NW_001846686.1
  - in 'y': 2L, 2R, 3R, X
  Make sure to always combine/compare objects based on the same reference
  genome (use suppressWarnings() to suppress this warning).
ℹ Run `dplyr::last_dplyr_warnings()` to see the 952 remaining warnings. 
Warning message:
There were 1659 warnings in `mutate()`.
The first warning was:
ℹ In argument: `combined_gr = map(data, ~do.call(c, unname(.x$nonref_gr)))`.
ℹ In group 112: `caller = "allseeingeye"`, `TE = "1731"`.
Caused by warning in `.Seqinfo.mergexy()`:
! The 2 combined objects have no sequence levels in common. (Use
  suppressWarnings() to suppress this warning.)
ℹ Run `dplyr::last_dplyr_warnings()` to see the 1658 remaining warnings. 
Error in `geom_bar()`:
! Problem while computing aesthetics.
ℹ Error occurred in the 1st layer.
Caused by error in `factor()`:
! object 'Row' not found
Backtrace:
     ▆
  1. ├─base (local) `<fn>`(x)
  2. ├─ggplot2:::print.ggplot(x)
  3. │ ├─ggplot2::ggplot_build(x)
  4. │ └─ggplot2:::ggplot_build.ggplot(x)
  5. │   └─ggplot2:::by_layer(...)
  6. │     ├─rlang::try_fetch(...)
  7. │     │ ├─base::tryCatch(...)
  8. │     │ │ └─base (local) tryCatchList(expr, classes, parentenv, handlers)
  9. │     │ │   └─base (local) tryCatchOne(expr, names, parentenv, handlers[[1L]])
 10. │     │ │     └─base (local) doTryCatch(return(expr), name, parentenv, handler)
 11. │     │ └─base::withCallingHandlers(...)
 12. │     └─ggplot2 (local) f(l = layers[[i]], d = data[[i]])
 13. │       └─l$compute_aesthetics(d, plot)
 14. │         └─ggplot2 (local) compute_aesthetics(..., self = self)
 15. │           └─ggplot2:::scales_add_defaults(...)
 16. │             └─base::lapply(aesthetics[new_aesthetics], eval_tidy, data = data)
 17. │               └─rlang (local) FUN(X[[i]], ...)
 18. ├─base::factor(Row)
 19. └─base::.handleSimpleError(`<fn>`, "object 'Row' not found", base::quote(factor(Row)))
 20.   └─rlang (local) h(simpleError(msg, call))
 21.     └─handlers[[1L]](cnd)
 22.       └─cli::cli_abort(...)
 23.         └─rlang::abort(...)
Execution halted
