Building DAG of jobs...
Using shell: /usr/bin/bash
Provided cores: 32
Rules claiming more threads will be scaled down.
Job stats:
job                          count
-------------------------  -------
align_reads                      2
bam_to_fvec                      2
bam_to_fvec_reference            2
candidate_regions                2
condense_data                    2
condense_data_reference          2
decompress                       2
fastp                            2
filter_reference                 1
find_breakpoints                 2
process_candidate_regions        2
use_model                        2
use_model_reference              2
total                           25

Select jobs to execute...
Execute 2 jobs...

[Thu Jan 23 16:28:37 2025]
localrule fastp:
    input: /nas/longleaf/home/adaigle/proj/adaigle/DSPR_illumina/data/rawdone/concatenated_renamed_fqs/A1_1.fq.gz, /nas/longleaf/home/adaigle/proj/adaigle/DSPR_illumina/data/rawdone/concatenated_renamed_fqs/A1_2.fq.gz
    output: fastp/A1.R1.fq.gz, fastp/A1.R2.fq.gz, fastp/A1.html, fastp/A1.json
    log: logs/A1/fastp.log
    jobid: 20
    benchmark: benchmarks/A1.fastp.benchmark.txt
    reason: Forced execution
    wildcards: sample=A1
    threads: 10
    resources: tmpdir=/tmp

fastp -w 10 --detect_adapter_for_pe -i /nas/longleaf/home/adaigle/proj/adaigle/DSPR_illumina/data/rawdone/concatenated_renamed_fqs/A1_1.fq.gz -I /nas/longleaf/home/adaigle/proj/adaigle/DSPR_illumina/data/rawdone/concatenated_renamed_fqs/A1_2.fq.gz -o fastp/A1.R1.fq.gz -O fastp/A1.R2.fq.gz -h fastp/A1.html -j fastp/A1.json -z 4

[Thu Jan 23 16:28:39 2025]
localrule fastp:
    input: /nas/longleaf/home/adaigle/proj/adaigle/DSPR_illumina/data/rawdone/concatenated_renamed_fqs/A2_1.fq.gz, /nas/longleaf/home/adaigle/proj/adaigle/DSPR_illumina/data/rawdone/concatenated_renamed_fqs/A2_2.fq.gz
    output: fastp/A2.R1.fq.gz, fastp/A2.R2.fq.gz, fastp/A2.html, fastp/A2.json
    log: logs/A2/fastp.log
    jobid: 7
    benchmark: benchmarks/A2.fastp.benchmark.txt
    reason: Forced execution
    wildcards: sample=A2
    threads: 10
    resources: tmpdir=/tmp

fastp -w 10 --detect_adapter_for_pe -i /nas/longleaf/home/adaigle/proj/adaigle/DSPR_illumina/data/rawdone/concatenated_renamed_fqs/A2_1.fq.gz -I /nas/longleaf/home/adaigle/proj/adaigle/DSPR_illumina/data/rawdone/concatenated_renamed_fqs/A2_2.fq.gz -o fastp/A2.R1.fq.gz -O fastp/A2.R2.fq.gz -h fastp/A2.html -j fastp/A2.json -z 4
[Thu Jan 23 16:30:56 2025]
Finished job 20.
1 of 25 steps (4%) done
Select jobs to execute...
Execute 1 jobs...

[Thu Jan 23 16:30:57 2025]
localrule align_reads:
    input: fastp/A1.R1.fq.gz, fastp/A1.R2.fq.gz, /nas/longleaf/home/adaigle/work/mcclintock_stuff/african_sfs/data/ISO1_GCF_000001215.4_Release_6_prepped.fasta
    output: aligned/A1.bam
    log: logs/A1/align_reads.log
    jobid: 21
    benchmark: benchmarks/A1.align_reads.benchmark.txt
    reason: Missing output files: aligned/A1.bam; Input files updated by another job: fastp/A1.R2.fq.gz, fastp/A1.R1.fq.gz
    wildcards: sample=A1
    threads: 16
    resources: tmpdir=/tmp


        bwa-mem2 mem -t 16 /nas/longleaf/home/adaigle/work/mcclintock_stuff/african_sfs/data/ISO1_GCF_000001215.4_Release_6_prepped.fasta fastp/A1.R1.fq.gz fastp/A1.R2.fq.gz | samtools sort -@ 16 -o aligned/A1.bam -
        samtools index aligned/A1.bam
        
[Thu Jan 23 16:30:58 2025]
Error in rule align_reads:
    jobid: 21
    input: fastp/A1.R1.fq.gz, fastp/A1.R2.fq.gz, /nas/longleaf/home/adaigle/work/mcclintock_stuff/african_sfs/data/ISO1_GCF_000001215.4_Release_6_prepped.fasta
    output: aligned/A1.bam
    log: logs/A1/align_reads.log (check log file(s) for error details)
    shell:
        
        bwa-mem2 mem -t 16 /nas/longleaf/home/adaigle/work/mcclintock_stuff/african_sfs/data/ISO1_GCF_000001215.4_Release_6_prepped.fasta fastp/A1.R1.fq.gz fastp/A1.R2.fq.gz | samtools sort -@ 16 -o aligned/A1.bam -
        samtools index aligned/A1.bam
        
        (one of the commands exited with non-zero exit code; note that snakemake uses bash strict mode!)
Logfile logs/A1/align_reads.log not found.

Removing output files of failed job align_reads since they might be corrupted:
aligned/A1.bam
[Thu Jan 23 16:31:19 2025]
Finished job 7.
2 of 25 steps (8%) done
Shutting down, this might take some time.
Exiting because a job execution failed. Look above for error message
Complete log: .snakemake/log/2025-01-23T162837.490506.snakemake.log
WorkflowError:
At least one job did not complete successfully.
